This is pdfTeX, Version 3.14159265-2.6-1.40.20 (MiKTeX 2.9.7200 64-bit) (preloaded format=pdflatex 2019.11.3)  12 NOV 2019 13:04
entering extended mode
**./Group-F-ITEC-876-Report.tex
(Group-F-ITEC-876-Report.tex
LaTeX2e <2019-10-01>
("C:\Program Files\MiKTeX 2.9\tex/latex/base\article.cls"
Document Class: article 2019/08/27 v1.4j Standard LaTeX document class
("C:\Program Files\MiKTeX 2.9\tex/latex/base\size10.clo"
File: size10.clo 2019/08/27 v1.4j Standard LaTeX file (size option)
)
\c@part=\count80
\c@section=\count81
\c@subsection=\count82
\c@subsubsection=\count83
\c@paragraph=\count84
\c@subparagraph=\count85
\c@figure=\count86
\c@table=\count87
\abovecaptionskip=\skip41
\belowcaptionskip=\skip42
\bibindent=\dimen102
)
("C:\Program Files\MiKTeX 2.9\tex/latex/graphics\graphicx.sty"
Package: graphicx 2017/06/01 v1.1a Enhanced LaTeX Graphics (DPC,SPQR)

("C:\Program Files\MiKTeX 2.9\tex/latex/graphics\keyval.sty"
Package: keyval 2014/10/28 v1.15 key=value parser (DPC)
\KV@toks@=\toks14
)
("C:\Program Files\MiKTeX 2.9\tex/latex/graphics\graphics.sty"
Package: graphics 2019/07/20 v1.3b Standard LaTeX Graphics (DPC,SPQR)

("C:\Program Files\MiKTeX 2.9\tex/latex/graphics\trig.sty"
Package: trig 2016/01/03 v1.10 sin cos tan (DPC)
)
("C:\Program Files\MiKTeX 2.9\tex/latex/graphics-cfg\graphics.cfg"
File: graphics.cfg 2016/06/04 v1.11 sample graphics configuration
)
Package graphics Info: Driver file: pdftex.def on input line 105.

("C:\Program Files\MiKTeX 2.9\tex/latex/graphics-def\pdftex.def"
File: pdftex.def 2018/01/08 v1.0l Graphics/color driver for pdftex
))
\Gin@req@height=\dimen103
\Gin@req@width=\dimen104
)
("C:\Program Files\MiKTeX 2.9\tex/latex/caption\subcaption.sty"
Package: subcaption 2019/09/01 v1.3a Sub-captions (AR)

("C:\Program Files\MiKTeX 2.9\tex/latex/caption\caption.sty"
Package: caption 2019/09/01 v3.3d Customizing captions (AR)

("C:\Program Files\MiKTeX 2.9\tex/latex/caption\caption3.sty"
Package: caption3 2019/09/01 v1.8d caption3 kernel (AR)
Package caption3 Info: TeX engine: e-TeX on input line 64.
\captionmargin=\dimen105
\captionmargin@=\dimen106
\captionwidth=\dimen107
\caption@tempdima=\dimen108
\caption@indent=\dimen109
\caption@parindent=\dimen110
\caption@hangindent=\dimen111
)
\c@caption@flags=\count88
\c@ContinuedFloat=\count89
)
\c@subfigure=\count90
\c@subtable=\count91
)
("C:\Program Files\MiKTeX 2.9\tex/latex/titling\titling.sty"
Package: titling 2009/09/04 v2.1d maketitle typesetting
\thanksmarkwidth=\skip43
\thanksmargin=\skip44
\droptitle=\skip45
)
("C:\Program Files\MiKTeX 2.9\tex/latex/geometry\geometry.sty"
Package: geometry 2018/04/16 v5.8 Page Geometry

("C:\Program Files\MiKTeX 2.9\tex/generic/oberdiek\ifpdf.sty"
Package: ifpdf 2018/09/07 v3.3 Provides the ifpdf switch
)
("C:\Program Files\MiKTeX 2.9\tex/generic/oberdiek\ifvtex.sty"
Package: ifvtex 2016/05/16 v1.6 Detect VTeX and its facilities (HO)
Package ifvtex Info: VTeX not detected.
)
("C:\Program Files\MiKTeX 2.9\tex/generic/ifxetex\ifxetex.sty"
Package: ifxetex 2010/09/12 v0.6 Provides ifxetex conditional
)
\Gm@cnth=\count92
\Gm@cntv=\count93
\c@Gm@tempcnt=\count94
\Gm@bindingoffset=\dimen112
\Gm@wd@mp=\dimen113
\Gm@odd@mp=\dimen114
\Gm@even@mp=\dimen115
\Gm@layoutwidth=\dimen116
\Gm@layoutheight=\dimen117
\Gm@layouthoffset=\dimen118
\Gm@layoutvoffset=\dimen119
\Gm@dimlist=\toks15

("C:\Program Files\MiKTeX 2.9\tex/latex/geometry\geometry.cfg"))
("C:\Program Files\MiKTeX 2.9\tex/latex/sectsty\sectsty.sty"
Package: sectsty 2002/02/25 v2.0.2 Commands to change all sectional heading sty
les


LaTeX Warning: Command \underbar  has changed.
               Check if current package is valid.


LaTeX Warning: Command \underline  has changed.
               Check if current package is valid.

) ("C:\Program Files\MiKTeX 2.9\tex/latex/capt-of\capt-of.sty"
Package: capt-of 2009/12/29 v0.2 standard captions outside of floats
)
("C:\Program Files\MiKTeX 2.9\tex/latex/hyperref\hyperref.sty"
Package: hyperref 2019/09/28 v7.00a Hypertext links for LaTeX

("C:\Program Files\MiKTeX 2.9\tex/generic/oberdiek\hobsub-hyperref.sty"
Package: hobsub-hyperref 2016/05/16 v1.14 Bundle oberdiek, subset hyperref (HO)


("C:\Program Files\MiKTeX 2.9\tex/generic/oberdiek\hobsub-generic.sty"
Package: hobsub-generic 2016/05/16 v1.14 Bundle oberdiek, subset generic (HO)
Package: hobsub 2016/05/16 v1.14 Construct package bundles (HO)
Package: infwarerr 2016/05/16 v1.4 Providing info/warning/error messages (HO)
Package: ltxcmds 2016/05/16 v1.23 LaTeX kernel commands for general use (HO)
Package: ifluatex 2016/05/16 v1.4 Provides the ifluatex switch (HO)
Package ifluatex Info: LuaTeX not detected.
Package hobsub Info: Skipping package `ifvtex' (already loaded).
Package: intcalc 2016/05/16 v1.2 Expandable calculations with integers (HO)
Package hobsub Info: Skipping package `ifpdf' (already loaded).
Package: etexcmds 2016/05/16 v1.6 Avoid name clashes with e-TeX commands (HO)
Package: kvsetkeys 2016/05/16 v1.17 Key value parser (HO)
Package: kvdefinekeys 2016/05/16 v1.4 Define keys (HO)
Package: pdftexcmds 2019/07/25 v0.30 Utility functions of pdfTeX for LuaTeX (HO
)
Package pdftexcmds Info: LuaTeX not detected.
Package pdftexcmds Info: \pdf@primitive is available.
Package pdftexcmds Info: \pdf@ifprimitive is available.
Package pdftexcmds Info: \pdfdraftmode found.
Package: pdfescape 2016/05/16 v1.14 Implements pdfTeX's escape features (HO)
Package: bigintcalc 2016/05/16 v1.4 Expandable calculations on big integers (HO
)
Package: bitset 2016/05/16 v1.2 Handle bit-vector datatype (HO)
Package: uniquecounter 2016/05/16 v1.3 Provide unlimited unique counter (HO)
)
Package hobsub Info: Skipping package `hobsub' (already loaded).
Package: letltxmacro 2016/05/16 v1.5 Let assignment for LaTeX macros (HO)
Package: hopatch 2016/05/16 v1.3 Wrapper for package hooks (HO)
Package: xcolor-patch 2016/05/16 xcolor patch
Package: atveryend 2016/05/16 v1.9 Hooks at the very end of document (HO)
Package atveryend Info: \enddocument detected (standard20110627).
Package: atbegshi 2016/06/09 v1.18 At begin shipout hook (HO)
Package: refcount 2016/05/16 v3.5 Data extraction from label references (HO)
Package: hycolor 2016/05/16 v1.8 Color options for hyperref/bookmark (HO)
)
("C:\Program Files\MiKTeX 2.9\tex/latex/oberdiek\auxhook.sty"
Package: auxhook 2016/05/16 v1.4 Hooks for auxiliary files (HO)
)
("C:\Program Files\MiKTeX 2.9\tex/latex/oberdiek\kvoptions.sty"
Package: kvoptions 2016/05/16 v3.12 Key value format for package options (HO)
)
\@linkdim=\dimen120
\Hy@linkcounter=\count95
\Hy@pagecounter=\count96

("C:\Program Files\MiKTeX 2.9\tex/latex/hyperref\pd1enc.def"
File: pd1enc.def 2019/09/28 v7.00a Hyperref: PDFDocEncoding definition (HO)
Now handling font encoding PD1 ...
... no UTF-8 mapping file for font encoding PD1
)
\Hy@SavedSpaceFactor=\count97

("C:\Program Files\MiKTeX 2.9\tex/latex/00miktex\hyperref.cfg"
File: hyperref.cfg 2002/06/06 v1.2 hyperref configuration of TeXLive
)
Package hyperref Info: Hyper figures OFF on input line 4540.
Package hyperref Info: Link nesting OFF on input line 4545.
Package hyperref Info: Hyper index ON on input line 4548.
Package hyperref Info: Plain pages OFF on input line 4555.
Package hyperref Info: Backreferencing OFF on input line 4560.
Package hyperref Info: Implicit mode ON; LaTeX internals redefined.
Package hyperref Info: Bookmarks ON on input line 4793.
\c@Hy@tempcnt=\count98

("C:\Program Files\MiKTeX 2.9\tex/latex/url\url.sty"
\Urlmuskip=\muskip10
Package: url 2013/09/16  ver 3.4  Verb mode for urls, etc.
)
LaTeX Info: Redefining \url on input line 5152.
\XeTeXLinkMargin=\dimen121
\Fld@menulength=\count99
\Field@Width=\dimen122
\Fld@charsize=\dimen123
Package hyperref Info: Hyper figures OFF on input line 6423.
Package hyperref Info: Link nesting OFF on input line 6428.
Package hyperref Info: Hyper index ON on input line 6431.
Package hyperref Info: backreferencing OFF on input line 6438.
Package hyperref Info: Link coloring OFF on input line 6443.
Package hyperref Info: Link coloring with OCG OFF on input line 6448.
Package hyperref Info: PDF/A mode OFF on input line 6453.
LaTeX Info: Redefining \ref on input line 6493.
LaTeX Info: Redefining \pageref on input line 6497.
\Hy@abspage=\count100
\c@Item=\count101
\c@Hfootnote=\count102
)
Package hyperref Info: Driver (autodetected): hpdftex.

("C:\Program Files\MiKTeX 2.9\tex/latex/hyperref\hpdftex.def"
File: hpdftex.def 2019/09/28 v7.00a Hyperref driver for pdfTeX
\Fld@listcount=\count103
\c@bookmark@seq@number=\count104

("C:\Program Files\MiKTeX 2.9\tex/latex/oberdiek\rerunfilecheck.sty"
Package: rerunfilecheck 2016/05/16 v1.8 Rerun checks for auxiliary files (HO)
Package uniquecounter Info: New unique counter `rerunfilecheck' on input line 2
82.
)
\Hy@SectionHShift=\skip46
)
("C:\Program Files\MiKTeX 2.9\tex/latex/xcolor\xcolor.sty"
Package: xcolor 2016/05/11 v2.12 LaTeX color extensions (UK)

("C:\Program Files\MiKTeX 2.9\tex/latex/graphics-cfg\color.cfg"
File: color.cfg 2016/01/02 v1.6 sample color configuration
)
Package xcolor Info: Driver file: pdftex.def on input line 225.
Package xcolor Info: Model `cmy' substituted by `cmy0' on input line 1348.
Package xcolor Info: Model `hsb' substituted by `rgb' on input line 1352.
Package xcolor Info: Model `RGB' extended on input line 1364.
Package xcolor Info: Model `HTML' substituted by `rgb' on input line 1366.
Package xcolor Info: Model `Hsb' substituted by `hsb' on input line 1367.
Package xcolor Info: Model `tHsb' substituted by `hsb' on input line 1368.
Package xcolor Info: Model `HSB' substituted by `hsb' on input line 1369.
Package xcolor Info: Model `Gray' substituted by `gray' on input line 1370.
Package xcolor Info: Model `wave' substituted by `hsb' on input line 1371.

("C:\Program Files\MiKTeX 2.9\tex/latex/graphics\dvipsnam.def"
File: dvipsnam.def 2016/06/17 v3.0m Driver-dependent file (DPC,SPQR)
))

LaTeX Warning: Unused global option(s):
    [1pt].

(Group-F-ITEC-876-Report.aux)
\openout1 = `Group-F-ITEC-876-Report.aux'.

LaTeX Font Info:    Checking defaults for OML/cmm/m/it on input line 10.
LaTeX Font Info:    ... okay on input line 10.
LaTeX Font Info:    Checking defaults for T1/cmr/m/n on input line 10.
LaTeX Font Info:    ... okay on input line 10.
LaTeX Font Info:    Checking defaults for OT1/cmr/m/n on input line 10.
LaTeX Font Info:    ... okay on input line 10.
LaTeX Font Info:    Checking defaults for OMS/cmsy/m/n on input line 10.
LaTeX Font Info:    ... okay on input line 10.
LaTeX Font Info:    Checking defaults for OMX/cmex/m/n on input line 10.
LaTeX Font Info:    ... okay on input line 10.
LaTeX Font Info:    Checking defaults for U/cmr/m/n on input line 10.
LaTeX Font Info:    ... okay on input line 10.
LaTeX Font Info:    Checking defaults for PD1/pdf/m/n on input line 10.
LaTeX Font Info:    ... okay on input line 10.

("C:\Program Files\MiKTeX 2.9\tex/context/base/mkii\supp-pdf.mkii"
[Loading MPS to PDF converter (version 2006.09.02).]
\scratchcounter=\count105
\scratchdimen=\dimen124
\scratchbox=\box27
\nofMPsegments=\count106
\nofMParguments=\count107
\everyMPshowfont=\toks16
\MPscratchCnt=\count108
\MPscratchDim=\dimen125
\MPnumerator=\count109
\makeMPintoPDFobject=\count110
\everyMPtoPDFconversion=\toks17
) ("C:\Program Files\MiKTeX 2.9\tex/latex/oberdiek\epstopdf-base.sty"
Package: epstopdf-base 2016/05/15 v2.6 Base part for package epstopdf

("C:\Program Files\MiKTeX 2.9\tex/latex/oberdiek\grfext.sty"
Package: grfext 2016/05/16 v1.2 Manage graphics extensions (HO)
)
Package epstopdf-base Info: Redefining graphics rule for `.eps' on input line 4
38.
Package grfext Info: Graphics extension search list:
(grfext)             [.pdf,.png,.jpg,.mps,.jpeg,.jbig2,.jb2,.PDF,.PNG,.JPG,.JPE
G,.JBIG2,.JB2,.eps]
(grfext)             \AppendGraphicsExtensions on input line 456.
)
Package caption Info: Begin \AtBeginDocument code.
Package caption Info: hyperref package is loaded.
Package caption Info: End \AtBeginDocument code.

*geometry* driver: auto-detecting
*geometry* detected driver: pdftex
*geometry* verbose mode - [ preamble ] result:
* driver: pdftex
* paper: a4paper
* layout: <same size as paper>
* layoutoffset:(h,v)=(0.0pt,0.0pt)
* modes: 
* h-part:(L,W,R)=(93.95122pt, 409.60544pt, 93.95122pt)
* v-part:(T,H,B)=(93.95122pt, 657.14441pt, 93.95122pt)
* \paperwidth=597.50787pt
* \paperheight=845.04684pt
* \textwidth=409.60544pt
* \textheight=657.14441pt
* \oddsidemargin=21.68123pt
* \evensidemargin=21.68123pt
* \topmargin=-15.31877pt
* \headheight=12.0pt
* \headsep=25.0pt
* \topskip=10.0pt
* \footskip=30.0pt
* \marginparwidth=57.0pt
* \marginparsep=11.0pt
* \columnsep=10.0pt
* \skip\footins=9.0pt plus 4.0pt minus 2.0pt
* \hoffset=0.0pt
* \voffset=0.0pt
* \mag=1000
* \@twocolumnfalse
* \@twosidefalse
* \@mparswitchfalse
* \@reversemarginfalse
* (1in=72.27pt=25.4mm, 1cm=28.453pt)

\AtBeginShipoutBox=\box28
Package hyperref Info: Link coloring OFF on input line 10.
("C:\Program Files\MiKTeX 2.9\tex/latex/hyperref\nameref.sty"
Package: nameref 2019/09/16 v2.46 Cross-referencing by name of section

("C:\Program Files\MiKTeX 2.9\tex/generic/oberdiek\gettitlestring.sty"
Package: gettitlestring 2016/05/16 v1.5 Cleanup title references (HO)
)
\c@section@level=\count111
)
LaTeX Info: Redefining \ref on input line 10.
LaTeX Info: Redefining \pageref on input line 10.
LaTeX Info: Redefining \nameref on input line 10.

(Group-F-ITEC-876-Report.out) (Group-F-ITEC-876-Report.out)
\@outlinefile=\write3
\openout3 = `Group-F-ITEC-876-Report.out'.

<mac-download.png, id=3, 237.88875pt x 213.79875pt>
File: mac-download.png Graphic file (type png)
<use mac-download.png>
Package pdftex.def Info: mac-download.png  used on input line 16.
(pdftex.def)             Requested size: 237.88815pt x 213.79822pt.
 [1

{C:/Users/sai/AppData/Local/MiKTeX/2.9/pdftex/config/pdftex.map} <./mac-downloa
d.png>]
LaTeX Font Info:    External font `cmex10' loaded for size
(Font)              <7> on input line 47.
LaTeX Font Info:    External font `cmex10' loaded for size
(Font)              <5> on input line 47.
LaTeX Font Info:    Trying to load font information for OMS+cmr on input line 5
1.

("C:\Program Files\MiKTeX 2.9\tex/latex/base\omscmr.fd"
File: omscmr.fd 2014/09/29 v2.5h Standard LaTeX font definitions
)
LaTeX Font Info:    Font shape `OMS/cmr/m/n' in size <10> not available
(Font)              Font shape `OMS/cmsy/m/n' tried instead on input line 51.

Underfull \hbox (badness 10000) in paragraph at lines 50--56

 []


Underfull \hbox (badness 10000) in paragraph at lines 50--56

 []


Underfull \hbox (badness 10000) in paragraph at lines 50--56

 []


Underfull \hbox (badness 10000) in paragraph at lines 50--56

 []


Underfull \hbox (badness 10000) in paragraph at lines 62--63

 []

<Precision and Recall at position 9.png, id=13, 452.892pt x 48.6618pt>
File: Precision and Recall at position 9.png Graphic file (type png)
<use Precision and Recall at position 9.png>
Package pdftex.def Info: Precision and Recall at position 9.png  used on input 
line 66.
(pdftex.def)             Requested size: 409.60544pt x 44.01201pt.
<Precision and Recall at position 10.png, id=15, 452.892pt x 32.2806pt>
File: Precision and Recall at position 10.png Graphic file (type png)
<use Precision and Recall at position 10.png>
Package pdftex.def Info: Precision and Recall at position 10.png  used on input
 line 75.
(pdftex.def)             Requested size: 409.60544pt x 29.19608pt.
<screenshot002.png, id=16, 409.53pt x 29.8716pt>
File: screenshot002.png Graphic file (type png)
<use screenshot002.png>
Package pdftex.def Info: screenshot002.png  used on input line 83.
(pdftex.def)             Requested size: 409.60544pt x 29.87878pt.
<Precision and Recall at position 13.png, id=17, 452.892pt x 33.2442pt>
File: Precision and Recall at position 13.png Graphic file (type png)
<use Precision and Recall at position 13.png>
Package pdftex.def Info: Precision and Recall at position 13.png  used on input
 line 92.
(pdftex.def)             Requested size: 409.60544pt x 30.06761pt.

Package caption Warning: The option `hypcap=true' will be ignored for this
(caption)                particular \caption on input line 93.
See the caption package documentation for explanation.

<Precision and Recall at position 14.png, id=18, 452.892pt x 32.7624pt>
File: Precision and Recall at position 14.png Graphic file (type png)
<use Precision and Recall at position 14.png>
Package pdftex.def Info: Precision and Recall at position 14.png  used on input
 line 101.
(pdftex.def)             Requested size: 409.60544pt x 29.63185pt.

Package caption Warning: The option `hypcap=true' will be ignored for this
(caption)                particular \caption on input line 102.
See the caption package documentation for explanation.

pdfTeX warning (ext4): destination with the same identifier (name{page.1}) has 
been already used, duplicate ignored
<to be read again> 
                   \relax 
l.104 \end{center}
                   [1 <./Precision and Recall at position 9.png> <./Precision a
nd Recall at position 10.png> <./screenshot002.png> <./Precision and Recall at 
position 13.png>]
<Precision and Recall at position 15.png, id=33, 452.892pt x 33.726pt>
File: Precision and Recall at position 15.png Graphic file (type png)
<use Precision and Recall at position 15.png>
Package pdftex.def Info: Precision and Recall at position 15.png  used on input
 line 110.
(pdftex.def)             Requested size: 409.60544pt x 30.50337pt.


Package caption Warning: The option `hypcap=true' will be ignored for this
(caption)                particular \caption on input line 111.
See the caption package documentation for explanation.

<Precision and Recall at position 16.png, id=34, 452.892pt x 33.726pt>
File: Precision and Recall at position 16.png Graphic file (type png)
<use Precision and Recall at position 16.png>
Package pdftex.def Info: Precision and Recall at position 16.png  used on input
 line 119.
(pdftex.def)             Requested size: 409.60544pt x 30.50337pt.

Package caption Warning: The option `hypcap=true' will be ignored for this
(caption)                particular \caption on input line 120.
See the caption package documentation for explanation.

<Precision and Recall at position 17.png, id=35, 452.892pt x 68.4156pt>
File: Precision and Recall at position 17.png Graphic file (type png)
<use Precision and Recall at position 17.png>
Package pdftex.def Info: Precision and Recall at position 17.png  used on input
 line 128.
(pdftex.def)             Requested size: 409.60544pt x 61.87828pt.

Package caption Warning: The option `hypcap=true' will be ignored for this
(caption)                particular \caption on input line 129.
See the caption package documentation for explanation.


Underfull \hbox (badness 10000) in paragraph at lines 134--135

 []


Underfull \hbox (badness 10000) in paragraph at lines 144--145

 []


Underfull \hbox (badness 10000) in paragraph at lines 146--147

 []


Underfull \hbox (badness 10000) in paragraph at lines 148--149

 []


Underfull \hbox (badness 10000) in paragraph at lines 150--151

 []

[2 <./Precision and Recall at position 14.png> <./Precision and Recall at posit
ion 15.png> <./Precision and Recall at position 16.png> <./Precision and Recall
 at position 17.png>]
Underfull \hbox (badness 10000) in paragraph at lines 152--153

 []


Underfull \hbox (badness 10000) in paragraph at lines 154--155

 []


Underfull \hbox (badness 10000) in paragraph at lines 157--161

 []


Underfull \hbox (badness 10000) in paragraph at lines 172--173

 []


Underfull \hbox (badness 10000) in paragraph at lines 174--175

 []


Underfull \hbox (badness 10000) in paragraph at lines 176--177

 []

<Precision and Recall at position 18.png, id=53, 452.892pt x 55.8888pt>
File: Precision and Recall at position 18.png Graphic file (type png)
<use Precision and Recall at position 18.png>
Package pdftex.def Info: Precision and Recall at position 18.png  used on input
 line 181.
(pdftex.def)             Requested size: 409.60544pt x 50.54845pt.

Underfull \hbox (badness 10000) in paragraph at lines 188--189

 []

<Precision and Recall at position 19.png, id=54, 466.3824pt x 61.1886pt>
File: Precision and Recall at position 19.png Graphic file (type png)
<use Precision and Recall at position 19.png>
Package pdftex.def Info: Precision and Recall at position 19.png  used on input
 line 195.
(pdftex.def)             Requested size: 409.60544pt x 53.73967pt.
<Precision and Recall at position 20.png, id=55, 463.0098pt x 66.9702pt>
File: Precision and Recall at position 20.png Graphic file (type png)
<use Precision and Recall at position 20.png>
Package pdftex.def Info: Precision and Recall at position 20.png  used on input
 line 207.
(pdftex.def)             Requested size: 409.60544pt x 59.24664pt.
[3 <./Precision and Recall at position 18.png> <./Precision and Recall at posit
ion 19.png> <./Precision and Recall at position 20.png>]
<Precision and Recall at position 21.png, id=66, 477.4638pt x 74.1972pt>
File: Precision and Recall at position 21.png Graphic file (type png)
<use Precision and Recall at position 21.png>
Package pdftex.def Info: Precision and Recall at position 21.png  used on input
 line 217.
(pdftex.def)             Requested size: 409.60544pt x 63.65436pt.
<Precision and Recall at position 22.png, id=67, 452.892pt x 44.3256pt>
File: Precision and Recall at position 22.png Graphic file (type png)
<use Precision and Recall at position 22.png>
Package pdftex.def Info: Precision and Recall at position 22.png  used on input
 line 227.
(pdftex.def)             Requested size: 409.60544pt x 40.09015pt.
<Precision and Recall at position 23.png, id=68, 206.2104pt x 141.1674pt>
File: Precision and Recall at position 23.png Graphic file (type png)
<use Precision and Recall at position 23.png>
Package pdftex.def Info: Precision and Recall at position 23.png  used on input
 line 255.
(pdftex.def)             Requested size: 131.07222pt x 89.73076pt.
<Precision and Recall at position 24.png, id=69, 205.2468pt x 131.5314pt>
File: Precision and Recall at position 24.png Graphic file (type png)
<use Precision and Recall at position 24.png>
Package pdftex.def Info: Precision and Recall at position 24.png  used on input
 line 259.
(pdftex.def)             Requested size: 131.07222pt x 84.00117pt.
<Precision and Recall at position 25.png, id=70, 236.082pt x 144.54pt>
File: Precision and Recall at position 25.png Graphic file (type png)
<use Precision and Recall at position 25.png>
Package pdftex.def Info: Precision and Recall at position 25.png  used on input
 line 268.
(pdftex.def)             Requested size: 131.07222pt x 80.2493pt.
<Precision and Recall at position 26.png, id=71, 248.127pt x 148.8762pt>
File: Precision and Recall at position 26.png Graphic file (type png)
<use Precision and Recall at position 26.png>
Package pdftex.def Info: Precision and Recall at position 26.png  used on input
 line 272.
(pdftex.def)             Requested size: 131.07222pt x 78.64276pt.


LaTeX Warning: `!h' float specifier changed to `!ht'.

[4 <./Precision and Recall at position 21.png> <./Precision and Recall at posit
ion 22.png> <./Precision and Recall at position 23.png> <./Precision and Recall
 at position 24.png>]
Underfull \hbox (badness 10000) in paragraph at lines 283--284

 []


Underfull \hbox (badness 10000) in paragraph at lines 286--287

 []


Underfull \hbox (badness 10000) in paragraph at lines 294--295

 []

<Precision and Recall at position 27.png, id=88, 182.6022pt x 129.6042pt>
File: Precision and Recall at position 27.png Graphic file (type png)
<use Precision and Recall at position 27.png>
Package pdftex.def Info: Precision and Recall at position 27.png  used on input
 line 299.
(pdftex.def)             Requested size: 204.80272pt x 145.3673pt.

Underfull \hbox (badness 10000) in paragraph at lines 304--305

 []

<Precision and Recall at position 28.png, id=89, 196.0926pt x 139.2402pt>
File: Precision and Recall at position 28.png Graphic file (type png)
<use Precision and Recall at position 28.png>
Package pdftex.def Info: Precision and Recall at position 28.png  used on input
 line 309.
(pdftex.def)             Requested size: 204.80272pt x 145.43527pt.
[5 <./Precision and Recall at position 25.png> <./Precision and Recall at posit
ion 26.png> <./Precision and Recall at position 27.png>]
Underfull \hbox (badness 10000) in paragraph at lines 322--323

 []

<Precision and Recall at position 29.png, id=98, 204.765pt x 145.0218pt>
File: Precision and Recall at position 29.png Graphic file (type png)
<use Precision and Recall at position 29.png>
Package pdftex.def Info: Precision and Recall at position 29.png  used on input
 line 327.
(pdftex.def)             Requested size: 204.80272pt x 145.05684pt.

Underfull \hbox (badness 10000) in paragraph at lines 332--333

 []


Underfull \hbox (badness 10000) in paragraph at lines 334--335

 []

[6 <./Precision and Recall at position 28.png> <./Precision and Recall at posit
ion 29.png>]
Underfull \hbox (badness 10000) in paragraph at lines 342--343

 []

<screenshot003.png, id=106, 204.765pt x 145.5036pt>
File: screenshot003.png Graphic file (type png)
<use screenshot003.png>
Package pdftex.def Info: screenshot003.png  used on input line 349.
(pdftex.def)             Requested size: 163.83966pt x 116.42967pt.
<screenshot004.png, id=107, 189.8292pt x 149.8398pt>
File: screenshot004.png Graphic file (type png)
<use screenshot004.png>
Package pdftex.def Info: screenshot004.png  used on input line 353.
(pdftex.def)             Requested size: 163.83966pt x 129.32382pt.
<screenshot005.png, id=108, 204.765pt x 142.6128pt>
File: screenshot005.png Graphic file (type png)
<use screenshot005.png>
Package pdftex.def Info: screenshot005.png  used on input line 363.
(pdftex.def)             Requested size: 163.83966pt x 114.11649pt.
<screenshot006.png, id=109, 204.765pt x 142.6128pt>
File: screenshot006.png Graphic file (type png)
<use screenshot006.png>
Package pdftex.def Info: screenshot006.png  used on input line 367.
(pdftex.def)             Requested size: 163.83966pt x 114.11649pt.

Underfull \hbox (badness 10000) in paragraph at lines 381--382

 []

<Precision and Recall at position 6.png, id=110, 452.892pt x 87.2058pt>
File: Precision and Recall at position 6.png Graphic file (type png)
<use Precision and Recall at position 6.png>
Package pdftex.def Info: Precision and Recall at position 6.png  used on input 
line 390.
(pdftex.def)             Requested size: 409.60544pt x 78.87302pt.
<Precision and Recall at position 7.png, id=111, 452.892pt x 99.2508pt>
File: Precision and Recall at position 7.png Graphic file (type png)
<use Precision and Recall at position 7.png>
Package pdftex.def Info: Precision and Recall at position 7.png  used on input 
line 398.
(pdftex.def)             Requested size: 409.60544pt x 89.76709pt.
[7 <./screenshot003.png> <./screenshot004.png> <./screenshot005.png> <./screens
hot006.png> <./Precision and Recall at position 6.png>]
<Precision and Recall at position 8.png, id=123, 516.9714pt x 237.0456pt>
File: Precision and Recall at position 8.png Graphic file (type png)
<use Precision and Recall at position 8.png>
Package pdftex.def Info: Precision and Recall at position 8.png  used on input 
line 412.
(pdftex.def)             Requested size: 409.60544pt x 187.81374pt.

Underfull \hbox (badness 10000) in paragraph at lines 417--418

 []

Package atveryend Info: Empty hook `BeforeClearDocument' on input line 427.
[8 <./Precision and Recall at position 7.png> <./Precision and Recall at positi
on 8.png>]
Package atveryend Info: Empty hook `AfterLastShipout' on input line 427.
 (Group-F-ITEC-876-Report.aux)
Package atveryend Info: Executing hook `AtVeryEndDocument' on input line 427.
Package atveryend Info: Executing hook `AtEndAfterFileList' on input line 427.
Package rerunfilecheck Info: File `Group-F-ITEC-876-Report.out' has not changed
.
(rerunfilecheck)             Checksum: D41D8CD98F00B204E9800998ECF8427E;0.
Package atveryend Info: Empty hook `AtVeryVeryEnd' on input line 427.
 ) 
Here is how much of TeX's memory you used:
 7559 strings out of 492452
 119412 string characters out of 3129814
 218290 words of memory out of 3000000
 11832 multiletter control sequences out of 15000+200000
 5920 words of font info for 22 fonts, out of 3000000 for 9000
 1141 hyphenation exceptions out of 8191
 45i,8n,46p,634b,483s stack positions out of 5000i,500n,10000p,200000b,50000s
<C:/Program Files/MiKTeX 2.9/fonts/type1/public/amsfonts/cm/cmbx10.pfb><C:/Pr
ogram Files/MiKTeX 2.9/fonts/type1/public/amsfonts/cm/cmbx12.pfb><C:/Program Fi
les/MiKTeX 2.9/fonts/type1/public/amsfonts/cm/cmcsc10.pfb><C:/Program Files/MiK
TeX 2.9/fonts/type1/public/amsfonts/cm/cmr10.pfb><C:/Program Files/MiKTeX 2.9/f
onts/type1/public/amsfonts/cm/cmr12.pfb><C:/Program Files/MiKTeX 2.9/fonts/type
1/public/amsfonts/cm/cmr9.pfb><C:/Program Files/MiKTeX 2.9/fonts/type1/public/a
msfonts/cm/cmsy10.pfb><C:/Program Files/MiKTeX 2.9/fonts/type1/public/amsfonts/
cm/cmtt10.pfb>
Output written on Group-F-ITEC-876-Report.pdf (9 pages, 1948209 bytes).
PDF statistics:
 164 PDF objects out of 1000 (max. 8388607)
 33 named destinations out of 1000 (max. 500000)
 141 words of extra memory for PDF output out of 10000 (max. 10000000)

